<?xml version="1.0" encoding="UTF-8"?>
<testsuite xmlns:xsi="http://www.w3.org/2001/XMLSchema-instance" xsi:noNamespaceSchemaLocation="https://maven.apache.org/surefire/maven-surefire-plugin/xsd/surefire-test-report-3.0.xsd" version="3.0" name="com.example.booking_ms.BookingMsApplicationTests" time="5.262" tests="1" errors="0" skipped="0" failures="0">
  <properties>
    <property name="java.specification.version" value="21"/>
    <property name="sun.cpu.isalist" value="amd64"/>
    <property name="sun.jnu.encoding" value="Cp1252"/>
    <property name="java.class.path" value="C:\Radical\workspace\booking-ms\target\test-classes;C:\Radical\workspace\booking-ms\target\classes;C:\Users\Rishi\.m2\repository\org\springframework\boot\spring-boot-starter-actuator\3.3.13\spring-boot-starter-actuator-3.3.13.jar;C:\Users\Rishi\.m2\repository\org\springframework\boot\spring-boot-starter\3.3.13\spring-boot-starter-3.3.13.jar;C:\Users\Rishi\.m2\repository\org\springframework\boot\spring-boot\3.3.13\spring-boot-3.3.13.jar;C:\Users\Rishi\.m2\repository\org\springframework\boot\spring-boot-autoconfigure\3.3.13\spring-boot-autoconfigure-3.3.13.jar;C:\Users\Rishi\.m2\repository\org\springframework\boot\spring-boot-starter-logging\3.3.13\spring-boot-starter-logging-3.3.13.jar;C:\Users\Rishi\.m2\repository\ch\qos\logback\logback-classic\1.5.18\logback-classic-1.5.18.jar;C:\Users\Rishi\.m2\repository\ch\qos\logback\logback-core\1.5.18\logback-core-1.5.18.jar;C:\Users\Rishi\.m2\repository\org\apache\logging\log4j\log4j-to-slf4j\2.23.1\log4j-to-slf4j-2.23.1.jar;C:\Users\Rishi\.m2\repository\org\apache\logging\log4j\log4j-api\2.23.1\log4j-api-2.23.1.jar;C:\Users\Rishi\.m2\repository\org\slf4j\jul-to-slf4j\2.0.17\jul-to-slf4j-2.0.17.jar;C:\Users\Rishi\.m2\repository\jakarta\annotation\jakarta.annotation-api\2.1.1\jakarta.annotation-api-2.1.1.jar;C:\Users\Rishi\.m2\repository\org\yaml\snakeyaml\2.2\snakeyaml-2.2.jar;C:\Users\Rishi\.m2\repository\org\springframework\boot\spring-boot-actuator-autoconfigure\3.3.13\spring-boot-actuator-autoconfigure-3.3.13.jar;C:\Users\Rishi\.m2\repository\org\springframework\boot\spring-boot-actuator\3.3.13\spring-boot-actuator-3.3.13.jar;C:\Users\Rishi\.m2\repository\com\fasterxml\jackson\core\jackson-databind\2.17.3\jackson-databind-2.17.3.jar;C:\Users\Rishi\.m2\repository\com\fasterxml\jackson\core\jackson-annotations\2.17.3\jackson-annotations-2.17.3.jar;C:\Users\Rishi\.m2\repository\com\fasterxml\jackson\core\jackson-core\2.17.3\jackson-core-2.17.3.jar;C:\Users\Rishi\.m2\repository\com\fasterxml\jackson\datatype\jackson-datatype-jsr310\2.17.3\jackson-datatype-jsr310-2.17.3.jar;C:\Users\Rishi\.m2\repository\io\micrometer\micrometer-observation\1.13.15\micrometer-observation-1.13.15.jar;C:\Users\Rishi\.m2\repository\io\micrometer\micrometer-commons\1.13.15\micrometer-commons-1.13.15.jar;C:\Users\Rishi\.m2\repository\io\micrometer\micrometer-jakarta9\1.13.15\micrometer-jakarta9-1.13.15.jar;C:\Users\Rishi\.m2\repository\io\micrometer\micrometer-core\1.13.15\micrometer-core-1.13.15.jar;C:\Users\Rishi\.m2\repository\org\hdrhistogram\HdrHistogram\2.2.2\HdrHistogram-2.2.2.jar;C:\Users\Rishi\.m2\repository\org\latencyutils\LatencyUtils\2.0.3\LatencyUtils-2.0.3.jar;C:\Users\Rishi\.m2\repository\org\springframework\boot\spring-boot-starter-web\3.3.13\spring-boot-starter-web-3.3.13.jar;C:\Users\Rishi\.m2\repository\org\springframework\boot\spring-boot-starter-json\3.3.13\spring-boot-starter-json-3.3.13.jar;C:\Users\Rishi\.m2\repository\com\fasterxml\jackson\datatype\jackson-datatype-jdk8\2.17.3\jackson-datatype-jdk8-2.17.3.jar;C:\Users\Rishi\.m2\repository\com\fasterxml\jackson\module\jackson-module-parameter-names\2.17.3\jackson-module-parameter-names-2.17.3.jar;C:\Users\Rishi\.m2\repository\org\springframework\boot\spring-boot-starter-tomcat\3.3.13\spring-boot-starter-tomcat-3.3.13.jar;C:\Users\Rishi\.m2\repository\org\apache\tomcat\embed\tomcat-embed-core\10.1.42\tomcat-embed-core-10.1.42.jar;C:\Users\Rishi\.m2\repository\org\apache\tomcat\embed\tomcat-embed-el\10.1.42\tomcat-embed-el-10.1.42.jar;C:\Users\Rishi\.m2\repository\org\apache\tomcat\embed\tomcat-embed-websocket\10.1.42\tomcat-embed-websocket-10.1.42.jar;C:\Users\Rishi\.m2\repository\org\springframework\spring-web\6.1.21\spring-web-6.1.21.jar;C:\Users\Rishi\.m2\repository\org\springframework\spring-beans\6.1.21\spring-beans-6.1.21.jar;C:\Users\Rishi\.m2\repository\org\springframework\spring-webmvc\6.1.21\spring-webmvc-6.1.21.jar;C:\Users\Rishi\.m2\repository\org\springframework\spring-aop\6.1.21\spring-aop-6.1.21.jar;C:\Users\Rishi\.m2\repository\org\springframework\spring-context\6.1.21\spring-context-6.1.21.jar;C:\Users\Rishi\.m2\repository\org\springframework\spring-expression\6.1.21\spring-expression-6.1.21.jar;C:\Users\Rishi\.m2\repository\org\springframework\boot\spring-boot-starter-test\3.3.13\spring-boot-starter-test-3.3.13.jar;C:\Users\Rishi\.m2\repository\org\springframework\boot\spring-boot-test\3.3.13\spring-boot-test-3.3.13.jar;C:\Users\Rishi\.m2\repository\org\springframework\boot\spring-boot-test-autoconfigure\3.3.13\spring-boot-test-autoconfigure-3.3.13.jar;C:\Users\Rishi\.m2\repository\com\jayway\jsonpath\json-path\2.9.0\json-path-2.9.0.jar;C:\Users\Rishi\.m2\repository\org\slf4j\slf4j-api\2.0.17\slf4j-api-2.0.17.jar;C:\Users\Rishi\.m2\repository\jakarta\xml\bind\jakarta.xml.bind-api\4.0.2\jakarta.xml.bind-api-4.0.2.jar;C:\Users\Rishi\.m2\repository\jakarta\activation\jakarta.activation-api\2.1.3\jakarta.activation-api-2.1.3.jar;C:\Users\Rishi\.m2\repository\net\minidev\json-smart\2.5.2\json-smart-2.5.2.jar;C:\Users\Rishi\.m2\repository\net\minidev\accessors-smart\2.5.2\accessors-smart-2.5.2.jar;C:\Users\Rishi\.m2\repository\org\ow2\asm\asm\9.7.1\asm-9.7.1.jar;C:\Users\Rishi\.m2\repository\org\assertj\assertj-core\3.25.3\assertj-core-3.25.3.jar;C:\Users\Rishi\.m2\repository\net\bytebuddy\byte-buddy\1.14.19\byte-buddy-1.14.19.jar;C:\Users\Rishi\.m2\repository\org\awaitility\awaitility\4.2.2\awaitility-4.2.2.jar;C:\Users\Rishi\.m2\repository\org\hamcrest\hamcrest\2.2\hamcrest-2.2.jar;C:\Users\Rishi\.m2\repository\org\junit\jupiter\junit-jupiter\5.10.5\junit-jupiter-5.10.5.jar;C:\Users\Rishi\.m2\repository\org\junit\jupiter\junit-jupiter-api\5.10.5\junit-jupiter-api-5.10.5.jar;C:\Users\Rishi\.m2\repository\org\opentest4j\opentest4j\1.3.0\opentest4j-1.3.0.jar;C:\Users\Rishi\.m2\repository\org\junit\platform\junit-platform-commons\1.10.5\junit-platform-commons-1.10.5.jar;C:\Users\Rishi\.m2\repository\org\apiguardian\apiguardian-api\1.1.2\apiguardian-api-1.1.2.jar;C:\Users\Rishi\.m2\repository\org\junit\jupiter\junit-jupiter-params\5.10.5\junit-jupiter-params-5.10.5.jar;C:\Users\Rishi\.m2\repository\org\junit\jupiter\junit-jupiter-engine\5.10.5\junit-jupiter-engine-5.10.5.jar;C:\Users\Rishi\.m2\repository\org\junit\platform\junit-platform-engine\1.10.5\junit-platform-engine-1.10.5.jar;C:\Users\Rishi\.m2\repository\org\mockito\mockito-core\5.11.0\mockito-core-5.11.0.jar;C:\Users\Rishi\.m2\repository\net\bytebuddy\byte-buddy-agent\1.14.19\byte-buddy-agent-1.14.19.jar;C:\Users\Rishi\.m2\repository\org\objenesis\objenesis\3.3\objenesis-3.3.jar;C:\Users\Rishi\.m2\repository\org\mockito\mockito-junit-jupiter\5.11.0\mockito-junit-jupiter-5.11.0.jar;C:\Users\Rishi\.m2\repository\org\skyscreamer\jsonassert\1.5.3\jsonassert-1.5.3.jar;C:\Users\Rishi\.m2\repository\com\vaadin\external\google\android-json\0.0.20131108.vaadin1\android-json-0.0.20131108.vaadin1.jar;C:\Users\Rishi\.m2\repository\org\springframework\spring-core\6.1.21\spring-core-6.1.21.jar;C:\Users\Rishi\.m2\repository\org\springframework\spring-jcl\6.1.21\spring-jcl-6.1.21.jar;C:\Users\Rishi\.m2\repository\org\springframework\spring-test\6.1.21\spring-test-6.1.21.jar;C:\Users\Rishi\.m2\repository\org\xmlunit\xmlunit-core\2.9.1\xmlunit-core-2.9.1.jar;"/>
    <property name="java.vm.vendor" value="Oracle Corporation"/>
    <property name="sun.arch.data.model" value="64"/>
    <property name="user.variant" value=""/>
    <property name="java.vendor.url" value="https://java.oracle.com/"/>
    <property name="user.timezone" value="Asia/Calcutta"/>
    <property name="os.name" value="Windows 11"/>
    <property name="java.vm.specification.version" value="21"/>
    <property name="sun.java.launcher" value="SUN_STANDARD"/>
    <property name="user.country" value="IN"/>
    <property name="sun.boot.library.path" value="C:\Program Files\Java\jdk-21\bin"/>
    <property name="sun.java.command" value="C:\Users\Rishi\AppData\Local\Temp\surefire490277661810155383\surefirebooter-20250626163238714_3.jar C:\Users\Rishi\AppData\Local\Temp\surefire490277661810155383 2025-06-26T16-32-38_538-jvmRun1 surefire-20250626163238714_1tmp surefire_0-20250626163238714_2tmp"/>
    <property name="jdk.debug" value="release"/>
    <property name="surefire.test.class.path" value="C:\Radical\workspace\booking-ms\target\test-classes;C:\Radical\workspace\booking-ms\target\classes;C:\Users\Rishi\.m2\repository\org\springframework\boot\spring-boot-starter-actuator\3.3.13\spring-boot-starter-actuator-3.3.13.jar;C:\Users\Rishi\.m2\repository\org\springframework\boot\spring-boot-starter\3.3.13\spring-boot-starter-3.3.13.jar;C:\Users\Rishi\.m2\repository\org\springframework\boot\spring-boot\3.3.13\spring-boot-3.3.13.jar;C:\Users\Rishi\.m2\repository\org\springframework\boot\spring-boot-autoconfigure\3.3.13\spring-boot-autoconfigure-3.3.13.jar;C:\Users\Rishi\.m2\repository\org\springframework\boot\spring-boot-starter-logging\3.3.13\spring-boot-starter-logging-3.3.13.jar;C:\Users\Rishi\.m2\repository\ch\qos\logback\logback-classic\1.5.18\logback-classic-1.5.18.jar;C:\Users\Rishi\.m2\repository\ch\qos\logback\logback-core\1.5.18\logback-core-1.5.18.jar;C:\Users\Rishi\.m2\repository\org\apache\logging\log4j\log4j-to-slf4j\2.23.1\log4j-to-slf4j-2.23.1.jar;C:\Users\Rishi\.m2\repository\org\apache\logging\log4j\log4j-api\2.23.1\log4j-api-2.23.1.jar;C:\Users\Rishi\.m2\repository\org\slf4j\jul-to-slf4j\2.0.17\jul-to-slf4j-2.0.17.jar;C:\Users\Rishi\.m2\repository\jakarta\annotation\jakarta.annotation-api\2.1.1\jakarta.annotation-api-2.1.1.jar;C:\Users\Rishi\.m2\repository\org\yaml\snakeyaml\2.2\snakeyaml-2.2.jar;C:\Users\Rishi\.m2\repository\org\springframework\boot\spring-boot-actuator-autoconfigure\3.3.13\spring-boot-actuator-autoconfigure-3.3.13.jar;C:\Users\Rishi\.m2\repository\org\springframework\boot\spring-boot-actuator\3.3.13\spring-boot-actuator-3.3.13.jar;C:\Users\Rishi\.m2\repository\com\fasterxml\jackson\core\jackson-databind\2.17.3\jackson-databind-2.17.3.jar;C:\Users\Rishi\.m2\repository\com\fasterxml\jackson\core\jackson-annotations\2.17.3\jackson-annotations-2.17.3.jar;C:\Users\Rishi\.m2\repository\com\fasterxml\jackson\core\jackson-core\2.17.3\jackson-core-2.17.3.jar;C:\Users\Rishi\.m2\repository\com\fasterxml\jackson\datatype\jackson-datatype-jsr310\2.17.3\jackson-datatype-jsr310-2.17.3.jar;C:\Users\Rishi\.m2\repository\io\micrometer\micrometer-observation\1.13.15\micrometer-observation-1.13.15.jar;C:\Users\Rishi\.m2\repository\io\micrometer\micrometer-commons\1.13.15\micrometer-commons-1.13.15.jar;C:\Users\Rishi\.m2\repository\io\micrometer\micrometer-jakarta9\1.13.15\micrometer-jakarta9-1.13.15.jar;C:\Users\Rishi\.m2\repository\io\micrometer\micrometer-core\1.13.15\micrometer-core-1.13.15.jar;C:\Users\Rishi\.m2\repository\org\hdrhistogram\HdrHistogram\2.2.2\HdrHistogram-2.2.2.jar;C:\Users\Rishi\.m2\repository\org\latencyutils\LatencyUtils\2.0.3\LatencyUtils-2.0.3.jar;C:\Users\Rishi\.m2\repository\org\springframework\boot\spring-boot-starter-web\3.3.13\spring-boot-starter-web-3.3.13.jar;C:\Users\Rishi\.m2\repository\org\springframework\boot\spring-boot-starter-json\3.3.13\spring-boot-starter-json-3.3.13.jar;C:\Users\Rishi\.m2\repository\com\fasterxml\jackson\datatype\jackson-datatype-jdk8\2.17.3\jackson-datatype-jdk8-2.17.3.jar;C:\Users\Rishi\.m2\repository\com\fasterxml\jackson\module\jackson-module-parameter-names\2.17.3\jackson-module-parameter-names-2.17.3.jar;C:\Users\Rishi\.m2\repository\org\springframework\boot\spring-boot-starter-tomcat\3.3.13\spring-boot-starter-tomcat-3.3.13.jar;C:\Users\Rishi\.m2\repository\org\apache\tomcat\embed\tomcat-embed-core\10.1.42\tomcat-embed-core-10.1.42.jar;C:\Users\Rishi\.m2\repository\org\apache\tomcat\embed\tomcat-embed-el\10.1.42\tomcat-embed-el-10.1.42.jar;C:\Users\Rishi\.m2\repository\org\apache\tomcat\embed\tomcat-embed-websocket\10.1.42\tomcat-embed-websocket-10.1.42.jar;C:\Users\Rishi\.m2\repository\org\springframework\spring-web\6.1.21\spring-web-6.1.21.jar;C:\Users\Rishi\.m2\repository\org\springframework\spring-beans\6.1.21\spring-beans-6.1.21.jar;C:\Users\Rishi\.m2\repository\org\springframework\spring-webmvc\6.1.21\spring-webmvc-6.1.21.jar;C:\Users\Rishi\.m2\repository\org\springframework\spring-aop\6.1.21\spring-aop-6.1.21.jar;C:\Users\Rishi\.m2\repository\org\springframework\spring-context\6.1.21\spring-context-6.1.21.jar;C:\Users\Rishi\.m2\repository\org\springframework\spring-expression\6.1.21\spring-expression-6.1.21.jar;C:\Users\Rishi\.m2\repository\org\springframework\boot\spring-boot-starter-test\3.3.13\spring-boot-starter-test-3.3.13.jar;C:\Users\Rishi\.m2\repository\org\springframework\boot\spring-boot-test\3.3.13\spring-boot-test-3.3.13.jar;C:\Users\Rishi\.m2\repository\org\springframework\boot\spring-boot-test-autoconfigure\3.3.13\spring-boot-test-autoconfigure-3.3.13.jar;C:\Users\Rishi\.m2\repository\com\jayway\jsonpath\json-path\2.9.0\json-path-2.9.0.jar;C:\Users\Rishi\.m2\repository\org\slf4j\slf4j-api\2.0.17\slf4j-api-2.0.17.jar;C:\Users\Rishi\.m2\repository\jakarta\xml\bind\jakarta.xml.bind-api\4.0.2\jakarta.xml.bind-api-4.0.2.jar;C:\Users\Rishi\.m2\repository\jakarta\activation\jakarta.activation-api\2.1.3\jakarta.activation-api-2.1.3.jar;C:\Users\Rishi\.m2\repository\net\minidev\json-smart\2.5.2\json-smart-2.5.2.jar;C:\Users\Rishi\.m2\repository\net\minidev\accessors-smart\2.5.2\accessors-smart-2.5.2.jar;C:\Users\Rishi\.m2\repository\org\ow2\asm\asm\9.7.1\asm-9.7.1.jar;C:\Users\Rishi\.m2\repository\org\assertj\assertj-core\3.25.3\assertj-core-3.25.3.jar;C:\Users\Rishi\.m2\repository\net\bytebuddy\byte-buddy\1.14.19\byte-buddy-1.14.19.jar;C:\Users\Rishi\.m2\repository\org\awaitility\awaitility\4.2.2\awaitility-4.2.2.jar;C:\Users\Rishi\.m2\repository\org\hamcrest\hamcrest\2.2\hamcrest-2.2.jar;C:\Users\Rishi\.m2\repository\org\junit\jupiter\junit-jupiter\5.10.5\junit-jupiter-5.10.5.jar;C:\Users\Rishi\.m2\repository\org\junit\jupiter\junit-jupiter-api\5.10.5\junit-jupiter-api-5.10.5.jar;C:\Users\Rishi\.m2\repository\org\opentest4j\opentest4j\1.3.0\opentest4j-1.3.0.jar;C:\Users\Rishi\.m2\repository\org\junit\platform\junit-platform-commons\1.10.5\junit-platform-commons-1.10.5.jar;C:\Users\Rishi\.m2\repository\org\apiguardian\apiguardian-api\1.1.2\apiguardian-api-1.1.2.jar;C:\Users\Rishi\.m2\repository\org\junit\jupiter\junit-jupiter-params\5.10.5\junit-jupiter-params-5.10.5.jar;C:\Users\Rishi\.m2\repository\org\junit\jupiter\junit-jupiter-engine\5.10.5\junit-jupiter-engine-5.10.5.jar;C:\Users\Rishi\.m2\repository\org\junit\platform\junit-platform-engine\1.10.5\junit-platform-engine-1.10.5.jar;C:\Users\Rishi\.m2\repository\org\mockito\mockito-core\5.11.0\mockito-core-5.11.0.jar;C:\Users\Rishi\.m2\repository\net\bytebuddy\byte-buddy-agent\1.14.19\byte-buddy-agent-1.14.19.jar;C:\Users\Rishi\.m2\repository\org\objenesis\objenesis\3.3\objenesis-3.3.jar;C:\Users\Rishi\.m2\repository\org\mockito\mockito-junit-jupiter\5.11.0\mockito-junit-jupiter-5.11.0.jar;C:\Users\Rishi\.m2\repository\org\skyscreamer\jsonassert\1.5.3\jsonassert-1.5.3.jar;C:\Users\Rishi\.m2\repository\com\vaadin\external\google\android-json\0.0.20131108.vaadin1\android-json-0.0.20131108.vaadin1.jar;C:\Users\Rishi\.m2\repository\org\springframework\spring-core\6.1.21\spring-core-6.1.21.jar;C:\Users\Rishi\.m2\repository\org\springframework\spring-jcl\6.1.21\spring-jcl-6.1.21.jar;C:\Users\Rishi\.m2\repository\org\springframework\spring-test\6.1.21\spring-test-6.1.21.jar;C:\Users\Rishi\.m2\repository\org\xmlunit\xmlunit-core\2.9.1\xmlunit-core-2.9.1.jar;"/>
    <property name="sun.cpu.endian" value="little"/>
    <property name="user.home" value="C:\Users\Rishi"/>
    <property name="user.language" value="en"/>
    <property name="java.specification.vendor" value="Oracle Corporation"/>
    <property name="java.version.date" value="2025-01-21"/>
    <property name="java.home" value="C:\Program Files\Java\jdk-21"/>
    <property name="file.separator" value="\"/>
    <property name="basedir" value="C:\Radical\workspace\booking-ms"/>
    <property name="java.vm.compressedOopsMode" value="Zero based"/>
    <property name="line.separator" value="&#10;"/>
    <property name="java.vm.specification.vendor" value="Oracle Corporation"/>
    <property name="java.specification.name" value="Java Platform API Specification"/>
    <property name="FILE_LOG_CHARSET" value="UTF-8"/>
    <property name="java.awt.headless" value="true"/>
    <property name="surefire.real.class.path" value="C:\Users\Rishi\AppData\Local\Temp\surefire490277661810155383\surefirebooter-20250626163238714_3.jar"/>
    <property name="user.script" value=""/>
    <property name="sun.management.compiler" value="HotSpot 64-Bit Tiered Compilers"/>
    <property name="java.runtime.version" value="21.0.6+8-LTS-188"/>
    <property name="user.name" value="Rishi"/>
    <property name="stdout.encoding" value="Cp1252"/>
    <property name="path.separator" value=";"/>
    <property name="os.version" value="10.0"/>
    <property name="java.runtime.name" value="Java(TM) SE Runtime Environment"/>
    <property name="file.encoding" value="UTF-8"/>
    <property name="java.vm.name" value="Java HotSpot(TM) 64-Bit Server VM"/>
    <property name="localRepository" value="C:\Users\Rishi\.m2\repository"/>
    <property name="java.vendor.url.bug" value="https://bugreport.java.com/bugreport/"/>
    <property name="java.io.tmpdir" value="C:\Users\Rishi\AppData\Local\Temp\"/>
    <property name="java.version" value="21.0.6"/>
    <property name="user.dir" value="C:\Radical\workspace\booking-ms"/>
    <property name="os.arch" value="amd64"/>
    <property name="java.vm.specification.name" value="Java Virtual Machine Specification"/>
    <property name="PID" value="31104"/>
    <property name="sun.os.patch.level" value=""/>
    <property name="CONSOLE_LOG_CHARSET" value="UTF-8"/>
    <property name="native.encoding" value="Cp1252"/>
    <property name="java.library.path" value="C:\Program Files\Java\jdk-21\bin;C:\Windows\Sun\Java\bin;C:\Windows\system32;C:\Windows;C:\Program Files\Common Files\Oracle\Java\javapath;C:\Program Files\Python313\Scripts\;C:\Program Files\Python313\;C:\Windows\system32;C:\Windows;C:\Windows\System32\Wbem;C:\Windows\System32\WindowsPowerShell\v1.0\;C:\Windows\System32\OpenSSH\;C:\Program Files (x86)\NVIDIA Corporation\PhysX\Common;C:\Program Files\NVIDIA Corporation\NVIDIA NvDLISR;C:\Program Files\Git\cmd;C:\ProgramData\chocolatey\bin;C:\Program Files\nodejs\;C:\Program Files\Docker\Docker\resources\bin;C:\Program Files\MongoDB\Server\8.0\bin;C:\Installation devops related\apache-maven-3.9.10-bin\apache-maven-3.9.10\bin;C:\Users\Rishi\AppData\Local\Programs\Python\Launcher\;C:\Users\Rishi\AppData\Local\Microsoft\WindowsApps;C:\Users\Rishi\AppData\Local\GitHubDesktop\bin;C:\Users\Rishi\AppData\Roaming\npm;C:\Users\Rishi\AppData\Local\Programs\Microsoft VS Code\bin;C:\Program Files\mongosh\;C:\Users\Rishi\AppData\Local\JetBrains\IntelliJ IDEA Community Edition 2025.1.2\bin;;."/>
    <property name="java.vm.info" value="mixed mode, sharing"/>
    <property name="stderr.encoding" value="Cp1252"/>
    <property name="java.vendor" value="Oracle Corporation"/>
    <property name="java.vm.version" value="21.0.6+8-LTS-188"/>
    <property name="sun.io.unicode.encoding" value="UnicodeLittle"/>
    <property name="java.class.version" value="65.0"/>
    <property name="LOGGED_APPLICATION_NAME" value="[booking-ms] "/>
  </properties>
  <testcase name="contextLoads" classname="com.example.booking_ms.BookingMsApplicationTests" time="1.196">
    <system-out><![CDATA[16:32:39.929 [main] INFO org.springframework.test.context.support.AnnotationConfigContextLoaderUtils -- Could not detect default configuration classes for test class [com.example.booking_ms.BookingMsApplicationTests]: BookingMsApplicationTests does not declare any static, non-private, non-final, nested classes annotated with @Configuration.
16:32:40.135 [main] INFO org.springframework.boot.test.context.SpringBootTestContextBootstrapper -- Found @SpringBootConfiguration com.example.booking_ms.BookingMsApplication for test class com.example.booking_ms.BookingMsApplicationTests

  .   ____          _            __ _ _
 /\\ / ___'_ __ _ _(_)_ __  __ _ \ \ \ \
( ( )\___ | '_ | '_| | '_ \/ _` | \ \ \ \
 \\/  ___)| |_)| | | | | || (_| |  ) ) ) )
  '  |____| .__|_| |_|_| |_\__, | / / / /
 =========|_|==============|___/=/_/_/_/

 :: Spring Boot ::               (v3.3.13)

2025-06-26T16:32:40.833+05:30  INFO 31104 --- [booking-ms] [           main] c.e.b.BookingMsApplicationTests          : Starting BookingMsApplicationTests using Java 21.0.6 with PID 31104 (started by Rishi in C:\Radical\workspace\booking-ms)
2025-06-26T16:32:40.835+05:30  INFO 31104 --- [booking-ms] [           main] c.e.b.BookingMsApplicationTests          : No active profile set, falling back to 1 default profile: "default"
2025-06-26T16:32:43.415+05:30  INFO 31104 --- [booking-ms] [           main] o.s.b.a.e.web.EndpointLinksResolver      : Exposing 1 endpoint beneath base path '/actuator'
2025-06-26T16:32:43.527+05:30  INFO 31104 --- [booking-ms] [           main] c.e.b.BookingMsApplicationTests          : Started BookingMsApplicationTests in 3.146 seconds (process running for 4.66)
]]></system-out>
    <system-err><![CDATA[WARNING: A Java agent has been loaded dynamically (C:\Users\Rishi\.m2\repository\net\bytebuddy\byte-buddy-agent\1.14.19\byte-buddy-agent-1.14.19.jar)
WARNING: If a serviceability tool is in use, please run with -XX:+EnableDynamicAgentLoading to hide this warning
WARNING: If a serviceability tool is not in use, please run with -Djdk.instrument.traceUsage for more information
WARNING: Dynamic loading of agents will be disallowed by default in a future release
]]></system-err>
  </testcase>
</testsuite>